<?xml version="1.0" encoding="UTF-8"?>
<!-- Generated by org.testng.reporters.JUnitXMLReporter -->
<testsuite hostname="LAPTOP-75IJT2P0" ignored="0" name="allTestsInAClass" tests="3" failures="0" timestamp="26 八月 2019 14:27:25 GMT" time="0.512" errors="0">
  <testcase name="testOne" time="0.004" classname="com.apitest.it.demotest.test1"/>
  <testcase name="testSecond" time="0.251" classname="com.apitest.it.demotest.test1"/>
  <testcase name="testThrid" time="0.054" classname="com.apitest.it.demotest.test1"/>
</testsuite> <!-- allTestsInAClass -->
