<?xml version="1.0" encoding="UTF-8"?>
<testng-results skipped="0" failed="0" ignored="0" total="3" passed="3">
  <reporter-output>
  </reporter-output>
  <suite name="Second suite" duration-ms="512" started-at="2019-08-26T14:27:24Z" finished-at="2019-08-26T14:27:25Z">
    <groups>
    </groups>
    <test name="allTestsInAClass" duration-ms="512" started-at="2019-08-26T14:27:24Z" finished-at="2019-08-26T14:27:25Z">
      <class name="com.apitest.it.demotest.test1">
        <test-method status="PASS" signature="testOne()[pri:0, instance:com.apitest.it.demotest.test1@3532ec19]" name="testOne" duration-ms="4" started-at="2019-08-26T22:27:24Z" finished-at="2019-08-26T22:27:24Z">
          <reporter-output>
          </reporter-output>
        </test-method> <!-- testOne -->
        <test-method status="PASS" signature="testSecond()[pri:0, instance:com.apitest.it.demotest.test1@3532ec19]" name="testSecond" duration-ms="251" started-at="2019-08-26T22:27:24Z" finished-at="2019-08-26T22:27:24Z">
          <reporter-output>
          </reporter-output>
        </test-method> <!-- testSecond -->
        <test-method status="PASS" signature="testThrid(java.util.HashMap, java.lang.String)[pri:0, instance:com.apitest.it.demotest.test1@3532ec19]" name="testThrid" duration-ms="54" started-at="2019-08-26T22:27:25Z" data-provider="testThrid" finished-at="2019-08-26T22:27:25Z">
          <params>
            <param index="0">
              <value>
                <![CDATA[{A=a, B=b, C=c, D=d, F=f}]]>
              </value>
            </param>
            <param index="1">
              <value>
                <![CDATA[e]]>
              </value>
            </param>
          </params>
          <reporter-output>
          </reporter-output>
        </test-method> <!-- testThrid -->
      </class> <!-- com.apitest.it.demotest.test1 -->
    </test> <!-- allTestsInAClass -->
  </suite> <!-- Second suite -->
</testng-results>
