<?xml version="1.0" encoding="UTF-8"?>
<testsuite name="allTestsInAClass"
           tests="3"
           failures="0"
           errors="0"
           skipped="0"
           time="0.250">
  <properties />
  
  
            <testcase name="testOne" time="0.050" classname="com.apitest.it.demotest.test1" />
                <testcase name="testSecond" time="0.000" classname="com.apitest.it.demotest.test1" />
                <testcase name="testThrid" time="0.200" classname="com.apitest.it.demotest.test1" />
      
</testsuite>
