<?xml version="1.0" encoding="UTF-8"?>
<testng-results skipped="0" failed="0" ignored="0" total="3" passed="3">
  <reporter-output>
  </reporter-output>
  <suite name="Second suite" duration-ms="31" started-at="2019-07-28T13:43:31Z" finished-at="2019-07-28T13:43:31Z">
    <groups>
    </groups>
    <test name="allTestsInAClass" duration-ms="31" started-at="2019-07-28T13:43:31Z" finished-at="2019-07-28T13:43:31Z">
      <class name="test1">
        <test-method status="PASS" signature="testOne()[pri:0, instance:test1@97e1986]" name="testOne" duration-ms="8" started-at="2019-07-28T21:43:31Z" finished-at="2019-07-28T21:43:31Z">
          <reporter-output>
          </reporter-output>
        </test-method> <!-- testOne -->
        <test-method status="PASS" signature="testSecond()[pri:0, instance:test1@97e1986]" name="testSecond" duration-ms="0" started-at="2019-07-28T21:43:31Z" finished-at="2019-07-28T21:43:31Z">
          <reporter-output>
          </reporter-output>
        </test-method> <!-- testSecond -->
        <test-method status="PASS" signature="testThrid()[pri:0, instance:test1@97e1986]" name="testThrid" duration-ms="2" started-at="2019-07-28T21:43:31Z" finished-at="2019-07-28T21:43:31Z">
          <reporter-output>
          </reporter-output>
        </test-method> <!-- testThrid -->
      </class> <!-- test1 -->
    </test> <!-- allTestsInAClass -->
  </suite> <!-- Second suite -->
</testng-results>
