<?xml version="1.0" encoding="UTF-8"?>
<!-- Generated by org.testng.reporters.JUnitXMLReporter -->
<testsuite hostname="LAPTOP-75IJT2P0" ignored="0" tests="3" failures="0" timestamp="28 七月 2019 13:43:31 GMT" time="0.031" errors="0">
  <testcase name="testOne" time="0.008" classname="com.apitest.it.demotest.test1"/>
  <testcase name="testSecond" time="0.0" classname="com.apitest.it.demotest.test1"/>
  <testcase name="testThrid" time="0.002" classname="com.apitest.it.demotest.test1"/>
</testsuite>
