<?xml version="1.0" encoding="UTF-8"?>
<testsuite name="allTestsInAClass"
           tests="3"
           failures="0"
           errors="0"
           skipped="0"
           time="0.309">
  <properties />
  
  
            <testcase name="testOne" time="0.004" classname="com.apitest.it.demotest.test1" />
                <testcase name="testSecond" time="0.251" classname="com.apitest.it.demotest.test1" />
                <testcase name="testThrid" time="0.054" classname="com.apitest.it.demotest.test1" />
      
</testsuite>
